<?xml version="1.0" encoding="UTF-8"?>
<testng-results ignored="0" total="2" passed="2" failed="0" skipped="0">
  <reporter-output>
  </reporter-output>
  <suite started-at="2023-02-08T18:26:04 IST" name="LumaSuite" finished-at="2023-02-08T18:26:11 IST" duration-ms="7540">
    <groups>
    </groups>
    <test started-at="2023-02-08T18:26:04 IST" name="RegisterTest" finished-at="2023-02-08T18:26:11 IST" duration-ms="7540">
      <class name="com.luma.testcases.RegisterPageTest">
        <test-method is-config="true" signature="setUp(java.lang.String)[pri:0, instance:com.luma.testcases.RegisterPageTest@224b4d61]" started-at="2023-02-08T18:26:04 IST" name="setUp" finished-at="2023-02-08T18:26:09 IST" duration-ms="5145" status="PASS">
          <params>
            <param index="0">
              <value>
                <![CDATA[chrome]]>
              </value>
            </param>
          </params>
          <reporter-output>
          </reporter-output>
        </test-method> <!-- setUp -->
        <test-method signature="navTest()[pri:0, instance:com.luma.testcases.RegisterPageTest@224b4d61]" started-at="2023-02-08T18:26:09 IST" name="navTest" finished-at="2023-02-08T18:26:10 IST" duration-ms="1101" status="PASS">
          <reporter-output>
          </reporter-output>
        </test-method> <!-- navTest -->
        <test-method signature="fillDetailsTest(java.lang.String,java.lang.String,java.lang.String,java.lang.String,java.lang.String)[pri:0, instance:com.luma.testcases.RegisterPageTest@224b4d61]" started-at="2023-02-08T18:26:11 IST" name="fillDetailsTest" data-provider="excelData" finished-at="2023-02-08T18:26:11 IST" duration-ms="395" status="PASS">
          <params>
            <param index="0">
              <value>
                <![CDATA[Charlie]]>
              </value>
            </param>
            <param index="1">
              <value>
                <![CDATA[Hebdo]]>
              </value>
            </param>
            <param index="2">
              <value>
                <![CDATA[charlie@gmail.com]]>
              </value>
            </param>
            <param index="3">
              <value>
                <![CDATA[Charlie#02]]>
              </value>
            </param>
            <param index="4">
              <value>
                <![CDATA[Charlie#02]]>
              </value>
            </param>
          </params>
          <reporter-output>
          </reporter-output>
        </test-method> <!-- fillDetailsTest -->
        <test-method is-config="true" signature="tearDown()[pri:0, instance:com.luma.testcases.RegisterPageTest@224b4d61]" started-at="2023-02-08T18:26:11 IST" name="tearDown" finished-at="2023-02-08T18:26:11 IST" duration-ms="287" status="PASS">
          <reporter-output>
          </reporter-output>
        </test-method> <!-- tearDown -->
      </class> <!-- com.luma.testcases.RegisterPageTest -->
    </test> <!-- RegisterTest -->
  </suite> <!-- LumaSuite -->
</testng-results>
